Flow report for Phase1
Sat Feb 25 18:20:21 2023
Quartus II 64-Bit Version 13.0.1 Build 232 06/12/2013 Service Pack 1 SJ Full Version


---------------------
; Table of Contents ;
---------------------
  1. Legal Notice
  2. Flow Summary
  3. Flow Settings
  4. Flow Non-Default Global Settings
  5. Flow Elapsed Time
  6. Flow OS Summary
  7. Flow Log
  8. Flow Messages
  9. Flow Suppressed Messages



----------------
; Legal Notice ;
----------------
Copyright (C) 1991-2013 Altera Corporation
Your use of Altera Corporation's design tools, logic functions 
and other software and tools, and its AMPP partner logic 
functions, and any output files from any of the foregoing 
(including device programming or simulation files), and any 
associated documentation or information are expressly subject 
to the terms and conditions of the Altera Program License 
Subscription Agreement, Altera MegaCore Function License 
Agreement, or other applicable license agreement, including, 
without limitation, that your use is for the sole purpose of 
programming logic devices manufactured by Altera and sold by 
Altera or its authorized distributors.  Please refer to the 
applicable agreement for further details.



+---------------------------------------------------------------------------------------+
; Flow Summary                                                                          ;
+------------------------------------+--------------------------------------------------+
; Flow Status                        ; Successful - Sat Feb 25 18:20:20 2023            ;
; Quartus II 64-Bit Version          ; 13.0.1 Build 232 06/12/2013 SP 1 SJ Full Version ;
; Revision Name                      ; Phase1                                           ;
; Top-level Entity Name              ; encoder                                          ;
; Family                             ; Cyclone III                                      ;
; Device                             ; EP3C16F484C6                                     ;
; Timing Models                      ; Final                                            ;
; Total logic elements               ; 46 / 15,408 ( < 1 % )                            ;
;     Total combinational functions  ; 46 / 15,408 ( < 1 % )                            ;
;     Dedicated logic registers      ; 0 / 15,408 ( 0 % )                               ;
; Total registers                    ; 0                                                ;
; Total pins                         ; 29 / 347 ( 8 % )                                 ;
; Total virtual pins                 ; 0                                                ;
; Total memory bits                  ; 0 / 516,096 ( 0 % )                              ;
; Embedded Multiplier 9-bit elements ; 0 / 112 ( 0 % )                                  ;
; Total PLLs                         ; 0 / 4 ( 0 % )                                    ;
+------------------------------------+--------------------------------------------------+


+-----------------------------------------+
; Flow Settings                           ;
+-------------------+---------------------+
; Option            ; Setting             ;
+-------------------+---------------------+
; Start date & time ; 02/25/2023 18:19:58 ;
; Main task         ; Compilation         ;
; Revision Name     ; Phase1              ;
+-------------------+---------------------+


+---------------------------------------------------------------------------------------------------------------------+
; Flow Non-Default Global Settings                                                                                    ;
+-------------------------------------+--------------------------------+---------------+-------------+----------------+
; Assignment Name                     ; Value                          ; Default Value ; Entity Name ; Section Id     ;
+-------------------------------------+--------------------------------+---------------+-------------+----------------+
; COMPILER_SIGNATURE_ID               ; 71384935557563.167736719849132 ; --            ; --          ; --             ;
; EDA_OUTPUT_DATA_FORMAT              ; Verilog Hdl                    ; --            ; --          ; eda_simulation ;
; EDA_SIMULATION_TOOL                 ; ModelSim-Altera (Verilog)      ; <None>        ; --          ; --             ;
; IP_TOOL_NAME                        ; LPM_MUX                        ; --            ; --          ; --             ;
; IP_TOOL_NAME                        ; 8B10B Encoder-Decoder          ; --            ; --          ; --             ;
; IP_TOOL_VERSION                     ; 13.0                           ; --            ; --          ; --             ;
; IP_TOOL_VERSION                     ; 13.0                           ; --            ; --          ; --             ;
; MAX_CORE_JUNCTION_TEMP              ; 85                             ; --            ; --          ; --             ;
; MIN_CORE_JUNCTION_TEMP              ; 0                              ; --            ; --          ; --             ;
; MISC_FILE                           ; mybusmux.bsf                   ; --            ; --          ; --             ;
; MISC_FILE                           ; mybusmux_bb.v                  ; --            ; --          ; --             ;
; MISC_FILE                           ; myencoder32_constraints.tcl    ; --            ; --          ; --             ;
; MISC_FILE                           ; myencoder32_enc8b10b.v         ; --            ; --          ; --             ;
; MISC_FILE                           ; myencoder32.v                  ; --            ; --          ; --             ;
; MISC_FILE                           ; myencoder32.bsf                ; --            ; --          ; --             ;
; MISC_FILE                           ; myencoder32.qip                ; --            ; --          ; --             ;
; MISC_FILE                           ; myencoder32.html               ; --            ; --          ; --             ;
; NOMINAL_CORE_SUPPLY_VOLTAGE         ; 1.2V                           ; --            ; --          ; --             ;
; PARTITION_COLOR                     ; 16764057                       ; --            ; encoder     ; Top            ;
; PARTITION_FITTER_PRESERVATION_LEVEL ; PLACEMENT_AND_ROUTING          ; --            ; encoder     ; Top            ;
; PARTITION_NETLIST_TYPE              ; SOURCE                         ; --            ; encoder     ; Top            ;
; PROJECT_OUTPUT_DIRECTORY            ; output_files                   ; --            ; --          ; --             ;
; SEARCH_PATH                         ; .                              ; --            ; --          ; --             ;
; TOP_LEVEL_ENTITY                    ; encoder                        ; Phase1        ; --          ; --             ;
+-------------------------------------+--------------------------------+---------------+-------------+----------------+


+-------------------------------------------------------------------------------------------------------------------------------+
; Flow Elapsed Time                                                                                                             ;
+---------------------------+--------------+-------------------------+---------------------+------------------------------------+
; Module Name               ; Elapsed Time ; Average Processors Used ; Peak Virtual Memory ; Total CPU Time (on all processors) ;
+---------------------------+--------------+-------------------------+---------------------+------------------------------------+
; Analysis & Synthesis      ; 00:00:03     ; 1.0                     ; 4609 MB             ; 00:00:03                           ;
; Fitter                    ; 00:00:08     ; 1.0                     ; 5312 MB             ; 00:00:07                           ;
; Assembler                 ; 00:00:03     ; 1.0                     ; 4549 MB             ; 00:00:02                           ;
; TimeQuest Timing Analyzer ; 00:00:04     ; 1.0                     ; 4613 MB             ; 00:00:03                           ;
; EDA Netlist Writer        ; 00:00:01     ; 1.0                     ; 4512 MB             ; 00:00:01                           ;
; Total                     ; 00:00:19     ; --                      ; --                  ; 00:00:16                           ;
+---------------------------+--------------+-------------------------+---------------------+------------------------------------+


+----------------------------------------------------------------------------------------+
; Flow OS Summary                                                                        ;
+---------------------------+------------------+-----------+------------+----------------+
; Module Name               ; Machine Hostname ; OS Name   ; OS Version ; Processor type ;
+---------------------------+------------------+-----------+------------+----------------+
; Analysis & Synthesis      ; DESKTOP-MP94GB7  ; Windows 7 ; 6.2        ; x86_64         ;
; Fitter                    ; DESKTOP-MP94GB7  ; Windows 7 ; 6.2        ; x86_64         ;
; Assembler                 ; DESKTOP-MP94GB7  ; Windows 7 ; 6.2        ; x86_64         ;
; TimeQuest Timing Analyzer ; DESKTOP-MP94GB7  ; Windows 7 ; 6.2        ; x86_64         ;
; EDA Netlist Writer        ; DESKTOP-MP94GB7  ; Windows 7 ; 6.2        ; x86_64         ;
+---------------------------+------------------+-----------+------------+----------------+


------------
; Flow Log ;
------------
quartus_map --read_settings_files=on --write_settings_files=off Phase1 -c Phase1
quartus_fit --read_settings_files=off --write_settings_files=off Phase1 -c Phase1
quartus_asm --read_settings_files=off --write_settings_files=off Phase1 -c Phase1
quartus_sta Phase1 -c Phase1
quartus_eda --read_settings_files=off --write_settings_files=off Phase1 -c Phase1



